Android PIN brute-force :: version 0.2
[[94mINFO[39m] Loading optimised PIN list for 3 digits (optimised-pin-length-3.txt)
[[94mINFO[39m] PIN list contains 1000 PINs
[[94mINFO[39m] Checking environment
[[91mFAIL[39m] HID device (/dev/hidg0) not found
Android PIN brute-force :: version 0.2
[[94mINFO[39m] Loading optimised PIN list for 3 digits (optimised-pin-length-3.txt)
[[94mINFO[39m] PIN list contains 1000 PINs
[[94mINFO[39m] Checking environment
[[91mFAIL[39m] HID device (/dev/hidg0) not found
Android PIN brute-force :: version 0.2
[[94mINFO[39m] Loading optimised PIN list for 3 digits (optimised-pin-length-3.txt)
[[94mINFO[39m] PIN list contains 1000 PINs
[[94mINFO[39m] Checking environment
[[91mFAIL[39m] HID device (/dev/hidg0) not found
Android PIN brute-force :: version 0.2
[[94mINFO[39m] Loading optimised PIN list for 3 digits (optimised-pin-length-3.txt)
[[94mINFO[39m] PIN list contains 1000 PINs
[[94mINFO[39m] Checking environment
[[91mFAIL[39m] HID device (/dev/hidg0) not found
